make.exe all --print-data-base --no-builtin-variables --no-builtin-rules --question
# GNU Make 3.81
# Copyright (C) 2006  Free Software Foundation, Inc.
# This is free software; see the source for copying conditions.
# There is NO warranty; not even for MERCHANTABILITY or FITNESS FOR A
# PARTICULAR PURPOSE.

# This program built for i386-pc-mingw32

# Make data base, printed on Tue Nov 01 08:23:39 2022

# Variables

# automatic
<D = $(patsubst %/,%,$(dir $<))
# automatic
?F = $(notdir $?)
# makefile
MAKEFLAGS = Rrqp
# automatic
?D = $(patsubst %/,%,$(dir $?))
# automatic
@D = $(patsubst %/,%,$(dir $@))
# environment
HOMEDRIVE = C:
# automatic
@F = $(notdir $@)
# automatic
^D = $(patsubst %/,%,$(dir $^))
# makefile
CURDIR := d:/DEV/GOLANG/src/simple-bank
# default
SHELL := sh.exe
# environment
WINDIR = C:\Windows
# environment
VSCODE_NLS_CONFIG = {"locale":"en-us","availableLanguages":{},"_languagePackSupport":true}
# environment
ONEDRIVE = C:\Users\Dio\OneDrive
# environment
PATHEXT = .COM;.EXE;.BAT;.CMD;.VBS;.VBE;.JS;.JSE;.WSF;.WSH;.MSC
# makefile (from `makefile', line 1)
MAKEFILE_LIST :=  makefile
# environment
FPS_BROWSER_USER_PROFILE_STRING = Default
# environment
TMP = C:\Users\Dio\AppData\Local\Temp
# environment
VSCODE_AMD_ENTRYPOINT = vs/workbench/api/node/extensionHostProcess
# environment
PROGRAMW6432 = C:\Program Files
# environment
PROGRAMDATA = C:\ProgramData
# environment
VSCODE_CWD = C:\Users\Dio\AppData\Local\Programs\Microsoft VS Code
# environment
GOPROXY = https://proxy.golang.org,direct
# environment
PATH = C:\Windows\system32;C:\Windows;C:\Windows\System32\Wbem;C:\Windows\System32\WindowsPowerShell\v1.0\;C:\Windows\System32\OpenSSH\;C:\Program Files\Git\cmd;C:\xampp\php;C:\ProgramData\ComposerSetup\bin;C:\Program Files\Go\bin;C:\Program Files\nodejs\;C:\Program Files\Docker\Docker\resources\bin;C:\ProgramData\DockerDesktop\version-bin;C:\Program Files (x86)\GnuWin32\bin;;C:\TDM-GCC-64\bin;C:\Users\Dio\scoop\shims;C:\Users\Dio\AppData\Local\Programs\Python\Python310\Scripts\;C:\Users\Dio\AppData\Local\Programs\Python\Python310\;C:\Users\Dio\AppData\Local\Microsoft\WindowsApps;C:\Users\Dio\AppData\Local\Programs\Microsoft VS Code\bin;C:\Users\Dio\AppData\Roaming\Composer\vendor\bin;C:\Users\Dio\go\bin;D:\DEV\GOLANG\bin;C:\Users\Dio\AppData\Roaming\npm;C:\Program Files\heroku\bin;C:\Program Files (x86)\GnuWin32\bin;
# environment
COMMONPROGRAMW6432 = C:\Program Files\Common Files
# environment
ZES_ENABLE_SYSMAN = 1
# environment
PROCESSOR_ARCHITECTURE = x86
# environment
USERPROFILE = C:\Users\Dio
# environment
ALLUSERSPROFILE = C:\ProgramData
# environment
GOPATH = D:\DEV\GOLANG
# environment
NUMBER_OF_PROCESSORS = 8
# environment
ELECTRON_RUN_AS_NODE = 1
# default
.FEATURES := target-specific order-only second-expansion else-if archives
# automatic
%F = $(notdir $%)
# environment
CHROME_CRASHPAD_PIPE_NAME = \\.\pipe\crashpad_3740_XWBCLSQGHCOJSLKE
# environment
COMPUTERNAME = LAPTOP-M5J0K3VR
# environment
PROGRAMFILES = C:\Program Files (x86)
# environment
DRIVERDATA = C:\Windows\System32\Drivers\DriverData
# environment
ORIGINAL_XDG_CURRENT_DESKTOP = undefined
# environment
USERNAME = Dio
# environment
PUBLIC = C:\Users\Public
# environment
GOMODCACHE = D:\DEV\GOLANG\pkg\mod
# environment
VSCODE_CODE_CACHE_PATH = C:\Users\Dio\AppData\Roaming\Code\CachedData\d045a5eda657f4d7b676dedbfa7aab8207f8a075
# environment
APPLICATION_INSIGHTS_NO_DIAGNOSTIC_CHANNEL = 1
# environment
COMMONPROGRAMFILES = C:\Program Files (x86)\Common Files
# environment
LOGONSERVER = \\LAPTOP-M5J0K3VR
# environment
VSCODE_HANDLES_UNCAUGHT_ERRORS = true
# environment
USERDOMAIN = LAPTOP-M5J0K3VR
# default
MAKE = $(MAKE_COMMAND)
# default
MAKECMDGOALS := all
# default
MAKE_VERSION := 3.81
# makefile
.DEFAULT_GOAL := postgres
# environment
PROGRAMFILES(X86) = C:\Program Files (x86)
# automatic
%D = $(patsubst %/,%,$(dir $%))
# environment
LOCALAPPDATA = C:\Users\Dio\AppData\Local
# environment
PSMODULEPATH = C:\Program Files\WindowsPowerShell\Modules;C:\Windows\system32\WindowsPowerShell\v1.0\Modules
# default
MAKE_COMMAND := make.exe
# environment
PROCESSOR_ARCHITEW6432 = AMD64
# default
.VARIABLES := 
# automatic
*F = $(notdir $*)
# environment
PROCESSOR_IDENTIFIER = Intel64 Family 6 Model 140 Stepping 1, GenuineIntel
# environment
OS = Windows_NT
# environment
VSCODE_IPC_HOOK = \\.\pipe\463edc293d0c602ec08464a601541b8d-1.72.2-main-sock
# environment
HOMEPATH = \Users\Dio
# environment
COMMONPROGRAMFILES(X86) = C:\Program Files (x86)\Common Files
# environment
PROMPT = $P$G
# environment
MFLAGS = -Rrqp
# automatic
*D = $(patsubst %/,%,$(dir $*))
# environment
SYSTEMROOT = C:\Windows
# automatic
+D = $(patsubst %/,%,$(dir $+))
# automatic
+F = $(notdir $+)
# environment
APPDATA = C:\Users\Dio\AppData\Roaming
# environment
TEMP = C:\Users\Dio\AppData\Local\Temp
# environment
COMSPEC = C:\Windows\system32\cmd.exe
# default
MAKEFILES := 
# automatic
<F = $(notdir $<)
# environment
LC_ALL = C
# automatic
^F = $(notdir $^)
# default
SUFFIXES := 
# environment
SYSTEMDRIVE = C:
# environment
SESSIONNAME = Console
# environment
PROCESSOR_REVISION = 8c01
# environment
SDL_AUDIODRIVER = directsound
# environment
MAKELEVEL := 0
# environment
LANG = C
# environment
PROCESSOR_LEVEL = 6
# environment
FPS_BROWSER_APP_PROFILE_STRING = Internet Explorer
# environment
VSCODE_PID = 3740
# environment
USERDOMAIN_ROAMINGPROFILE = LAPTOP-M5J0K3VR
# variable set hash-table stats:
# Load=88/1024=9%, Rehash=0, Collisions=10/108=9%

# Pattern-specific Variable Values

# No pattern-specific variable values.

# Directories

# : could not be stat'd.
# C:\xampp\php (key C:/xampp/php, mtime 1650516324): 63 files, no impossibilities.
# C:\Program Files\heroku\bin (key C:/Program Files/heroku/bin, mtime 1656473785): 4 files, no impossibilities.
# C:\Program Files\Docker\Docker\resources\bin (key C:/Program Files/Docker/Docker/resources/bin, mtime 1654509173): 13 files, no impossibilities.
# C:\Users\Dio\scoop\shims (key C:/Users/Dio/scoop/shims, mtime 1658137548): 7 files, no impossibilities.
# C:\Program Files\Go\bin (key C:/Program Files/Go/bin, mtime 1632831660): 4 files, no impossibilities.
# C:\Users\Dio\AppData\Local\Microsoft\WindowsApps (key C:/Users/Dio/AppData/Local/Microsoft/WindowsApps, mtime 1666520705): 13 files, no impossibilities.
# C:\Windows\System32\WindowsPowerShell\v1.0\ (key C:/Windows/System32/WindowsPowerShell/v1.0/, mtime 1617976353): 30 files, no impossibilities.
# C:\Windows\System32\Wbem (key C:/Windows/System32/Wbem, mtime 1657857064): 153 files, no impossibilities.
# . (key d:/DEV/GOLANG/src/simple-bank, mtime 1667209253): 15 files, no impossibilities.
# D:\DEV\GOLANG\bin (key D:/DEV/GOLANG/bin, mtime 1664769256): 16 files, no impossibilities.
# C:\Users\Dio\go\bin: could not be stat'd.
# C:\Program Files\nodejs\ (key C:/Program Files/nodejs/, mtime 1648096939): 13 files, no impossibilities.
# C:\TDM-GCC-64\bin (key C:/TDM-GCC-64/bin, mtime 1660097332): 61 files, no impossibilities.
# C:\Windows\System32\OpenSSH\: could not be stat'd.
# C:\ProgramData\ComposerSetup\bin (key C:/ProgramData/ComposerSetup/bin, mtime 1632825204): 5 files, no impossibilities.
# C:\Windows (key C:/Windows, mtime 1665655352): 117 files, no impossibilities.
# C:\Users\Dio\AppData\Local\Programs\Python\Python310\ (key C:/Users/Dio/AppData/Local/Programs/Python/Python310/, mtime 1656166166): 18 files, no impossibilities.
# C:\Users\Dio\AppData\Local\Programs\Python\Python310\Scripts\ (key C:/Users/Dio/AppData/Local/Programs/Python/Python310/Scripts/, mtime 1656166166): 5 files, no impossibilities.
# C:\ProgramData\DockerDesktop\version-bin: could not be stat'd.
# C:\Users\Dio\AppData\Local\Programs\Microsoft VS Code\bin (key C:/Users/Dio/AppData/Local/Programs/Microsoft VS Code/bin, mtime 1665713246): 4 files, no impossibilities.
# C:\Program Files\Git\cmd (key C:/Program Files/Git/cmd, mtime 1632484199): 8 files, no impossibilities.
# C:\Windows\system32 (key C:/Windows/system32, mtime 1667261948): 2808 files, no impossibilities.
# C:\Users\Dio\AppData\Roaming\npm (key C:/Users/Dio/AppData/Roaming/npm, mtime 1648604479): 6 files, no impossibilities.
# C:\Users\Dio\AppData\Roaming\Composer\vendor\bin: could not be stat'd.
# C:\Program Files (x86)\GnuWin32\bin (key C:/Program Files (x86)/GnuWin32/bin, mtime 1660016319): 5 files, no impossibilities.

# 3368 files, no impossibilities in 26 directories.

# Implicit Rules

# No implicit rules.

# Files

postgres:
#  Phony target (prerequisite of .PHONY).
#  Implicit rule search has not been done.
#  File does not exist.
#  File has not been updated.
#  commands to execute (from `makefile', line 2):
	docker run --name postgres12 -p 5432:5432 -e POSTGRES_USER=root -e POSTGRES_PASSWORD=secret -d postgres:12-alpine
	

# Not a target:
all:
#  Command-line target.
#  Implicit rule search has been done.
#  File does not exist.
#  File has not been updated.
# variable set hash-table stats:
# Load=0/32=0%, Rehash=0, Collisions=0/0=0%

migratedown1:
#  Phony target (prerequisite of .PHONY).
#  Implicit rule search has not been done.
#  File does not exist.
#  File has not been updated.
#  commands to execute (from `makefile', line 20):
	migrate -path db/migration -database "postgresql://root:secret@localhost:5432/simple_bank?sslmode=disable" -verbose down 1
	

.PHONY: postgres createdb dropdb migrateup migratedown migrateup1 migratedown1 sqlc test server mock
#  Implicit rule search has not been done.
#  Modification time never checked.
#  File has not been updated.

sqlc:
#  Phony target (prerequisite of .PHONY).
#  Implicit rule search has not been done.
#  File does not exist.
#  File has not been updated.
#  commands to execute (from `makefile', line 23):
	docker run --rm -v "%cd%:/src" -w /src kjconroy/sqlc:1.15.0 generate
	

# Not a target:
.DEFAULT:
#  Implicit rule search has not been done.
#  Modification time never checked.
#  File has not been updated.

server:
#  Phony target (prerequisite of .PHONY).
#  Implicit rule search has not been done.
#  File does not exist.
#  File has not been updated.
#  commands to execute (from `makefile', line 29):
	go run main.go
	

test:
#  Phony target (prerequisite of .PHONY).
#  Implicit rule search has not been done.
#  File does not exist.
#  File has not been updated.
#  commands to execute (from `makefile', line 26):
	go test -v -cover ./...
	

# Not a target:
makefile:
#  Implicit rule search has been done.
#  Last modified 2022-10-31 11:39:31
#  File has been updated.
#  Successfully updated.
# variable set hash-table stats:
# Load=0/32=0%, Rehash=0, Collisions=0/0=0%

createdb:
#  Phony target (prerequisite of .PHONY).
#  Implicit rule search has not been done.
#  File does not exist.
#  File has not been updated.
#  commands to execute (from `makefile', line 5):
	docker exec -it postgres12 createdb --username=root --owner=root simple_bank
	

# Not a target:
.SUFFIXES:
#  Implicit rule search has not been done.
#  Modification time never checked.
#  File has not been updated.

dropdb:
#  Phony target (prerequisite of .PHONY).
#  Implicit rule search has not been done.
#  File does not exist.
#  File has not been updated.
#  commands to execute (from `makefile', line 8):
	docker exec -it postgres12 dropdb simple_bank
	

migrateup:
#  Phony target (prerequisite of .PHONY).
#  Implicit rule search has not been done.
#  File does not exist.
#  File has not been updated.
#  commands to execute (from `makefile', line 11):
	migrate -path db/migration -database "postgresql://root:secret@localhost:5432/simple_bank?sslmode=disable" -verbose up
	

migrateup1:
#  Phony target (prerequisite of .PHONY).
#  Implicit rule search has not been done.
#  File does not exist.
#  File has not been updated.
#  commands to execute (from `makefile', line 14):
	migrate -path db/migration -database "postgresql://root:secret@localhost:5432/simple_bank?sslmode=disable" -verbose up 1
	

migratedown:
#  Phony target (prerequisite of .PHONY).
#  Implicit rule search has not been done.
#  File does not exist.
#  File has not been updated.
#  commands to execute (from `makefile', line 17):
	migrate -path db/migration -database "postgresql://root:secret@localhost:5432/simple_bank?sslmode=disable" -verbose down
	

mock:
#  Phony target (prerequisite of .PHONY).
#  Implicit rule search has not been done.
#  File does not exist.
#  File has not been updated.
#  commands to execute (from `makefile', line 32):
	mockgen -package mockdb -destination db/mock/store.go github.com/diosurandito/simplebank/db/sqlc Store
	

# files hash-table stats:
# Load=16/1024=2%, Rehash=0, Collisions=0/38=0%
# VPATH Search Paths

# No `vpath' search paths.

# No general (`VPATH' variable) search path.

# # of strings in strcache: 1
# # of strcache buffers: 1
# strcache size: total = 4096 / max = 4096 / min = 4096 / avg = 4096
# strcache free: total = 4087 / max = 4087 / min = 4087 / avg = 4087

# Finished Make data base on Tue Nov 01 08:23:39 2022

 
make.exe: *** No rule to make target `all'.  Stop.

